0 info it worked if it ends with ok
1 verbose cli [ 'node', '/usr/local/bin/npm', 'publish' ]
2 info using npm@2.12.1
3 info using node@v0.12.7
4 verbose publish [ '.' ]
5 silly cache add args [ '.', null ]
6 verbose cache add spec .
7 silly cache add parsed spec { raw: '.',
7 silly cache add   scope: null,
7 silly cache add   name: null,
7 silly cache add   rawSpec: '.',
7 silly cache add   spec: '/Users/redwood/Personal/lib/thuglife-webgl',
7 silly cache add   type: 'directory' }
8 verbose addLocalDirectory /Users/redwood/.npm/thuglife-webgl/1.0.2/package.tgz not in flight; packing
9 verbose tar pack [ '/Users/redwood/.npm/thuglife-webgl/1.0.2/package.tgz',
9 verbose tar pack   '/Users/redwood/Personal/lib/thuglife-webgl' ]
10 verbose tarball /Users/redwood/.npm/thuglife-webgl/1.0.2/package.tgz
11 verbose folder /Users/redwood/Personal/lib/thuglife-webgl
12 info prepublish thuglife-webgl@1.0.2
13 verbose addLocalTarball adding from inside cache /Users/redwood/.npm/thuglife-webgl/1.0.2/package.tgz
14 silly cache afterAdd thuglife-webgl@1.0.2
15 verbose afterAdd /Users/redwood/.npm/thuglife-webgl/1.0.2/package/package.json not in flight; writing
16 verbose afterAdd /Users/redwood/.npm/thuglife-webgl/1.0.2/package/package.json written
17 silly publish { name: 'thuglife-webgl',
17 silly publish   version: '1.0.2',
17 silly publish   description: 'A low-level WebGL wrapper good for perf testing and prototyping.',
17 silly publish   main: 'src/index.js',
17 silly publish   scripts: { test: 'echo "Error: no test specified" && exit 1' },
17 silly publish   repository:
17 silly publish    { type: 'git',
17 silly publish      url: 'git+https://github.com/redwoodfavorite/thuglife-webgl.git' },
17 silly publish   browserify: { transform: [ 'babelify' ] },
17 silly publish   author: { name: 'redwoodfavorite' },
17 silly publish   license: 'ISC',
17 silly publish   bugs: { url: 'https://github.com/redwoodfavorite/thuglife-webgl/issues' },
17 silly publish   homepage: 'https://github.com/redwoodfavorite/thuglife-webgl',
17 silly publish   dependencies: { babelify: '^6.1.2' },
17 silly publish   readme: 'A low-level WebGL wrapper good for perf testing and prototyping.',
17 silly publish   readmeFilename: 'README.md',
17 silly publish   gitHead: '3049d5929d41a09694112738d10e8527ad6d4ffd',
17 silly publish   _id: 'thuglife-webgl@1.0.2',
17 silly publish   _shasum: '38f4ec4a9b69a7fbb01d7495450870add6568f5d',
17 silly publish   _from: '.' }
18 verbose getPublishConfig undefined
19 silly mapToRegistry name thuglife-webgl
20 silly mapToRegistry using default registry
21 silly mapToRegistry registry https://registry.npmjs.org/
22 silly mapToRegistry uri https://registry.npmjs.org/thuglife-webgl
23 verbose publish registryBase https://registry.npmjs.org/
24 silly publish uploading /Users/redwood/.npm/thuglife-webgl/1.0.2/package.tgz
25 verbose request uri https://registry.npmjs.org/thuglife-webgl
26 verbose request sending authorization for write operation
27 info attempt registry request try #1 at 12:34:56 AM
28 verbose request using bearer token for auth
29 verbose request id f9726a57a14806d1
30 http request PUT https://registry.npmjs.org/thuglife-webgl
31 http 403 https://registry.npmjs.org/thuglife-webgl
32 verbose headers { 'content-type': 'application/json',
32 verbose headers   'cache-control': 'max-age=60',
32 verbose headers   'content-length': '95',
32 verbose headers   'accept-ranges': 'bytes',
32 verbose headers   date: 'Sat, 18 Jul 2015 07:34:56 GMT',
32 verbose headers   via: '1.1 varnish',
32 verbose headers   connection: 'keep-alive',
32 verbose headers   'x-served-by': 'cache-sjc3134-SJC',
32 verbose headers   'x-cache': 'MISS',
32 verbose headers   'x-cache-hits': '0',
32 verbose headers   'x-timer': 'S1437204896.779189,VS0,VE176' }
33 verbose request invalidating /Users/redwood/.npm/registry.npmjs.org/thuglife-webgl on PUT
34 error publish Failed PUT 403
35 verbose stack Error: "You cannot publish over the previously published version 1.0.2." : thuglife-webgl
35 verbose stack     at CachingRegistryClient.<anonymous> (/usr/local/lib/node_modules/npm/node_modules/npm-registry-client/lib/request.js:247:14)
35 verbose stack     at Request._callback (/usr/local/lib/node_modules/npm/node_modules/npm-registry-client/lib/request.js:170:14)
35 verbose stack     at Request.self.callback (/usr/local/lib/node_modules/npm/node_modules/request/request.js:197:22)
35 verbose stack     at Request.emit (events.js:110:17)
35 verbose stack     at Request.<anonymous> (/usr/local/lib/node_modules/npm/node_modules/request/request.js:1050:14)
35 verbose stack     at Request.emit (events.js:129:20)
35 verbose stack     at IncomingMessage.<anonymous> (/usr/local/lib/node_modules/npm/node_modules/request/request.js:996:12)
35 verbose stack     at IncomingMessage.emit (events.js:129:20)
35 verbose stack     at _stream_readable.js:908:16
35 verbose stack     at process._tickCallback (node.js:355:11)
36 verbose statusCode 403
37 verbose pkgid thuglife-webgl
38 verbose cwd /Users/redwood/Personal/lib/thuglife-webgl
39 error Darwin 14.1.0
40 error argv "node" "/usr/local/bin/npm" "publish"
41 error node v0.12.7
42 error npm  v2.12.1
43 error code E403
44 error "You cannot publish over the previously published version 1.0.2." : thuglife-webgl
45 error If you need help, you may report this error at:
45 error     <https://github.com/npm/npm/issues>
46 verbose exit [ 1, true ]
